2019-11-13 16:57:57.127 [main] INFO  com.alibaba.dubbo.common.logger.LoggerFactory - using logger: com.alibaba.dubbo.common.logger.slf4j.Slf4jLoggerAdapter
2019-11-13 16:57:57.130 [main] INFO  c.a.b.d.c.event.WelcomeLogoApplicationListener - 

 :: Dubbo Spring Boot (v0.2.0) : https://github.com/apache/incubator-dubbo-spring-boot-project
 :: Dubbo (v2.6.2) : https://github.com/apache/incubator-dubbo
 :: Google group : dev@dubbo.incubator.apache.org

2019-11-13 16:57:57.132 [main] INFO  c.a.b.d.c.e.OverrideDubboConfigApplicationListener - Dubbo Config was overridden by externalized configuration {dubbo.application.name=task2, dubbo.registry.address=zookeeper://192.168.1.111:2183}
2019-11-13 16:57:57.190 [main] INFO  com.internal.playment.task.TaskApplication - Starting TaskApplication on yxr-Vostro-3470 with PID 1968 (/home/yxr/IdeaProjects/github/internal_playment/task2/target/classes started by yxr in /home/yxr/IdeaProjects/github/internal_playment)
2019-11-13 16:57:57.191 [main] INFO  com.internal.playment.task.TaskApplication - No active profile set, falling back to default profiles: default
2019-11-13 16:57:57.218 [main] INFO  o.s.c.a.AnnotationConfigApplicationContext - Refreshing org.springframework.context.annotation.AnnotationConfigApplicationContext@61f05988: startup date [Wed Nov 13 16:57:57 CST 2019]; root of context hierarchy
2019-11-13 16:57:57.458 [main] INFO  c.a.d.c.s.c.annotation.DubboConfigBindingRegistrar - The dubbo config bean definition [name : com.alibaba.dubbo.config.ApplicationConfig#0, class : com.alibaba.dubbo.config.ApplicationConfig] has been registered.
2019-11-13 16:57:57.458 [main] INFO  c.a.d.c.s.c.annotation.DubboConfigBindingRegistrar - The BeanPostProcessor bean definition [com.alibaba.dubbo.config.spring.beans.factory.annotation.DubboConfigBindingBeanPostProcessor] for dubbo config bean [name : com.alibaba.dubbo.config.ApplicationConfig#0] has been registered.
2019-11-13 16:57:57.458 [main] INFO  c.a.d.c.s.c.annotation.DubboConfigBindingRegistrar - The dubbo config bean definition [name : com.alibaba.dubbo.config.RegistryConfig#0, class : com.alibaba.dubbo.config.RegistryConfig] has been registered.
2019-11-13 16:57:57.459 [main] INFO  c.a.d.c.s.c.annotation.DubboConfigBindingRegistrar - The BeanPostProcessor bean definition [com.alibaba.dubbo.config.spring.beans.factory.annotation.DubboConfigBindingBeanPostProcessor] for dubbo config bean [name : com.alibaba.dubbo.config.RegistryConfig#0] has been registered.
2019-11-13 16:57:57.590 [main] INFO  o.s.c.s.PostProcessorRegistrationDelegate$BeanPostProcessorChecker - Bean 'com.alibaba.boot.dubbo.autoconfigure.DubboAutoConfiguration' of type [com.alibaba.boot.dubbo.autoconfigure.DubboAutoConfiguration$$EnhancerBySpringCGLIB$$98f784d8] is not eligible for getting processed by all BeanPostProcessors (for example: not eligible for auto-proxying)
2019-11-13 16:57:57.656 [main] INFO  o.s.c.s.PostProcessorRegistrationDelegate$BeanPostProcessorChecker - Bean 'relaxedDubboConfigBinder' of type [com.alibaba.boot.dubbo.autoconfigure.RelaxedDubboConfigBinder] is not eligible for getting processed by all BeanPostProcessors (for example: not eligible for auto-proxying)
2019-11-13 16:57:57.659 [main] INFO  o.s.c.s.PostProcessorRegistrationDelegate$BeanPostProcessorChecker - Bean 'relaxedDubboConfigBinder' of type [com.alibaba.boot.dubbo.autoconfigure.RelaxedDubboConfigBinder] is not eligible for getting processed by all BeanPostProcessors (for example: not eligible for auto-proxying)
2019-11-13 16:57:57.832 [main] INFO  c.a.d.c.s.b.f.a.DubboConfigBindingBeanPostProcessor - The properties of bean [name : com.alibaba.dubbo.config.ApplicationConfig#0] have been binding by prefix of configuration properties : dubbo.application
2019-11-13 16:57:57.839 [main] INFO  c.a.d.c.s.b.f.a.DubboConfigBindingBeanPostProcessor - The properties of bean [name : com.alibaba.dubbo.config.RegistryConfig#0] have been binding by prefix of configuration properties : dubbo.registry
2019-11-13 16:57:57.900 [main] INFO  o.a.curator.framework.imps.CuratorFrameworkImpl - Starting
2019-11-13 16:57:57.903 [main] INFO  org.apache.zookeeper.ZooKeeper - Client environment:zookeeper.version=3.4.9-1757313, built on 08/23/2016 06:50 GMT
2019-11-13 16:57:57.903 [main] INFO  org.apache.zookeeper.ZooKeeper - Client environment:host.name=yxr-Vostro-3470
2019-11-13 16:57:57.903 [main] INFO  org.apache.zookeeper.ZooKeeper - Client environment:java.version=1.8.0_211
2019-11-13 16:57:57.904 [main] INFO  org.apache.zookeeper.ZooKeeper - Client environment:java.vendor=Oracle Corporation
2019-11-13 16:57:57.905 [main] INFO  org.apache.zookeeper.ZooKeeper - Client environment:java.home=/home/app/jdk1.8.0_211/jre
2019-11-13 16:57:57.905 [main] INFO  org.apache.zookeeper.ZooKeeper - Client environment:java.class.path=/home/app/jdk1.8.0_211/jre/lib/charsets.jar:/home/app/jdk1.8.0_211/jre/lib/deploy.jar:/home/app/jdk1.8.0_211/jre/lib/ext/cldrdata.jar:/home/app/jdk1.8.0_211/jre/lib/ext/dnsns.jar:/home/app/jdk1.8.0_211/jre/lib/ext/jaccess.jar:/home/app/jdk1.8.0_211/jre/lib/ext/jfxrt.jar:/home/app/jdk1.8.0_211/jre/lib/ext/localedata.jar:/home/app/jdk1.8.0_211/jre/lib/ext/nashorn.jar:/home/app/jdk1.8.0_211/jre/lib/ext/sunec.jar:/home/app/jdk1.8.0_211/jre/lib/ext/sunjce_provider.jar:/home/app/jdk1.8.0_211/jre/lib/ext/sunpkcs11.jar:/home/app/jdk1.8.0_211/jre/lib/ext/zipfs.jar:/home/app/jdk1.8.0_211/jre/lib/javaws.jar:/home/app/jdk1.8.0_211/jre/lib/jce.jar:/home/app/jdk1.8.0_211/jre/lib/jfr.jar:/home/app/jdk1.8.0_211/jre/lib/jfxswt.jar:/home/app/jdk1.8.0_211/jre/lib/jsse.jar:/home/app/jdk1.8.0_211/jre/lib/management-agent.jar:/home/app/jdk1.8.0_211/jre/lib/plugin.jar:/home/app/jdk1.8.0_211/jre/lib/resources.jar:/home/app/jdk1.8.0_211/jre/lib/rt.jar:/home/yxr/IdeaProjects/github/internal_playment/task2/target/classes:/home/yxr/IdeaProjects/github/internal_playment/api/target/classes:/home/app/maven/repository/com/baomidou/mybatis-plus/3.1.2/mybatis-plus-3.1.2.jar:/home/app/maven/repository/com/baomidou/mybatis-plus-extension/3.1.2/mybatis-plus-extension-3.1.2.jar:/home/app/maven/repository/com/baomidou/mybatis-plus-core/3.1.2/mybatis-plus-core-3.1.2.jar:/home/app/maven/repository/com/baomidou/mybatis-plus-annotation/3.1.2/mybatis-plus-annotation-3.1.2.jar:/home/app/maven/repository/com/github/jsqlparser/jsqlparser/1.2/jsqlparser-1.2.jar:/home/app/maven/repository/org/mybatis/mybatis/3.5.1/mybatis-3.5.1.jar:/home/app/maven/repository/org/mybatis/mybatis-spring/2.0.1/mybatis-spring-2.0.1.jar:/home/yxr/IdeaProjects/github/internal_playment/common/target/classes:/home/app/maven/repository/org/projectlombok/lombok/1.16.22/lombok-1.16.22.jar:/home/app/maven/repository/org/slf4j/slf4j-api/1.7.26/slf4j-api-1.7.26.jar:/home/app/maven/repository/javax/servlet/javax.servlet-api/3.1.0/javax.servlet-api-3.1.0.jar:/home/app/maven/repository/org/apache/commons/commons-lang3/3.7/commons-lang3-3.7.jar:/home/app/maven/repository/org/apache/httpcomponents/httpclient/4.5.8/httpclient-4.5.8.jar:/home/app/maven/repository/org/apache/httpcomponents/httpcore/4.4.11/httpcore-4.4.11.jar:/home/app/maven/repository/commons-codec/commons-codec/1.11/commons-codec-1.11.jar:/home/app/maven/repository/com/alibaba/fastjson/1.2.49/fastjson-1.2.49.jar:/home/app/maven/repository/org/dom4j/dom4j/2.1.1/dom4j-2.1.1.jar:/home/app/maven/repository/org/springframework/boot/spring-boot-starter-web/2.0.9.RELEASE/spring-boot-starter-web-2.0.9.RELEASE.jar:/home/app/maven/repository/org/springframework/boot/spring-boot-starter/2.0.9.RELEASE/spring-boot-starter-2.0.9.RELEASE.jar:/home/app/maven/repository/org/springframework/boot/spring-boot/2.0.9.RELEASE/spring-boot-2.0.9.RELEASE.jar:/home/app/maven/repository/org/springframework/boot/spring-boot-autoconfigure/2.0.9.RELEASE/spring-boot-autoconfigure-2.0.9.RELEASE.jar:/home/app/maven/repository/org/springframework/boot/spring-boot-starter-logging/2.0.9.RELEASE/spring-boot-starter-logging-2.0.9.RELEASE.jar:/home/app/maven/repository/ch/qos/logback/logback-classic/1.2.3/logback-classic-1.2.3.jar:/home/app/maven/repository/ch/qos/logback/logback-core/1.2.3/logback-core-1.2.3.jar:/home/app/maven/repository/org/apache/logging/log4j/log4j-to-slf4j/2.10.0/log4j-to-slf4j-2.10.0.jar:/home/app/maven/repository/org/apache/logging/log4j/log4j-api/2.10.0/log4j-api-2.10.0.jar:/home/app/maven/repository/org/slf4j/jul-to-slf4j/1.7.26/jul-to-slf4j-1.7.26.jar:/home/app/maven/repository/javax/annotation/javax.annotation-api/1.3.2/javax.annotation-api-1.3.2.jar:/home/app/maven/repository/org/yaml/snakeyaml/1.19/snakeyaml-1.19.jar:/home/app/maven/repository/org/springframework/boot/spring-boot-starter-json/2.0.9.RELEASE/spring-boot-starter-json-2.0.9.RELEASE.jar:/home/app/maven/repository/com/fasterxml/jackson/core/jackson-databind/2.9.8/jackson-databind-2.9.8.jar:/home/app/maven/repository/com/fasterxml/jackson/core/jackson-annotations/2.9.0/jackson-annotations-2.9.0.jar:/home/app/maven/repository/com/fasterxml/jackson/core/jackson-core/2.9.8/jackson-core-2.9.8.jar:/home/app/maven/repository/com/fasterxml/jackson/datatype/jackson-datatype-jdk8/2.9.8/jackson-datatype-jdk8-2.9.8.jar:/home/app/maven/repository/com/fasterxml/jackson/datatype/jackson-datatype-jsr310/2.9.8/jackson-datatype-jsr310-2.9.8.jar:/home/app/maven/repository/com/fasterxml/jackson/module/jackson-module-parameter-names/2.9.8/jackson-module-parameter-names-2.9.8.jar:/home/app/maven/repository/org/springframework/boot/spring-boot-starter-tomcat/2.0.9.RELEASE/spring-boot-starter-tomcat-2.0.9.RELEASE.jar:/home/app/maven/repository/org/apache/tomcat/embed/tomcat-embed-core/8.5.39/tomcat-embed-core-8.5.39.jar:/home/app/maven/repository/org/apache/tomcat/embed/tomcat-embed-el/8.5.39/tomcat-embed-el-8.5.39.jar:/home/app/maven/repository/org/apache/tomcat/embed/tomcat-embed-websocket/8.5.39/tomcat-embed-websocket-8.5.39.jar:/home/app/maven/repository/org/hibernate/validator/hibernate-validator/6.0.16.Final/hibernate-validator-6.0.16.Final.jar:/home/app/maven/repository/javax/validation/validation-api/2.0.1.Final/validation-api-2.0.1.Final.jar:/home/app/maven/repository/org/jboss/logging/jboss-logging/3.3.2.Final/jboss-logging-3.3.2.Final.jar:/home/app/maven/repository/com/fasterxml/classmate/1.3.4/classmate-1.3.4.jar:/home/app/maven/repository/org/springframework/spring-web/5.0.13.RELEASE/spring-web-5.0.13.RELEASE.jar:/home/app/maven/repository/org/springframework/spring-beans/5.0.13.RELEASE/spring-beans-5.0.13.RELEASE.jar:/home/app/maven/repository/org/springframework/spring-webmvc/5.0.13.RELEASE/spring-webmvc-5.0.13.RELEASE.jar:/home/app/maven/repository/org/springframework/spring-aop/5.0.13.RELEASE/spring-aop-5.0.13.RELEASE.jar:/home/app/maven/repository/org/springframework/spring-context/5.0.13.RELEASE/spring-context-5.0.13.RELEASE.jar:/home/app/maven/repository/org/springframework/spring-expression/5.0.13.RELEASE/spring-expression-5.0.13.RELEASE.jar:/home/app/maven/repository/com/alibaba/boot/dubbo-spring-boot-starter/0.2.0/dubbo-spring-boot-starter-0.2.0.jar:/home/app/maven/repository/com/alibaba/dubbo/2.6.2/dubbo-2.6.2.jar:/home/app/maven/repository/org/javassist/javassist/3.20.0-GA/javassist-3.20.0-GA.jar:/home/app/maven/repository/org/jboss/netty/netty/3.2.5.Final/netty-3.2.5.Final.jar:/home/app/maven/repository/org/apache/zookeeper/zookeeper/3.4.9/zookeeper-3.4.9.jar:/home/app/maven/repository/jline/jline/0.9.94/jline-0.9.94.jar:/home/app/maven/repository/io/netty/netty/3.10.5.Final/netty-3.10.5.Final.jar:/home/app/maven/repository/org/apache/curator/curator-framework/2.12.0/curator-framework-2.12.0.jar:/home/app/maven/repository/org/apache/curator/curator-client/2.12.0/curator-client-2.12.0.jar:/home/app/maven/repository/com/alibaba/boot/dubbo-spring-boot-autoconfigure/0.2.0/dubbo-spring-boot-autoconfigure-0.2.0.jar:/home/app/maven/repository/org/springframework/spring-core/5.0.13.RELEASE/spring-core-5.0.13.RELEASE.jar:/home/app/maven/repository/org/springframework/spring-jcl/5.0.13.RELEASE/spring-jcl-5.0.13.RELEASE.jar:/home/app/maven/repository/org/springframework/boot/spring-boot-starter-activemq/2.0.9.RELEASE/spring-boot-starter-activemq-2.0.9.RELEASE.jar:/home/app/maven/repository/org/springframework/spring-jms/5.0.13.RELEASE/spring-jms-5.0.13.RELEASE.jar:/home/app/maven/repository/org/springframework/spring-messaging/5.0.13.RELEASE/spring-messaging-5.0.13.RELEASE.jar:/home/app/maven/repository/org/springframework/spring-tx/5.0.13.RELEASE/spring-tx-5.0.13.RELEASE.jar:/home/app/maven/repository/org/apache/activemq/activemq-broker/5.15.9/activemq-broker-5.15.9.jar:/home/app/maven/repository/org/apache/activemq/activemq-openwire-legacy/5.15.9/activemq-openwire-legacy-5.15.9.jar:/home/app/maven/repository/com/google/guava/guava/18.0/guava-18.0.jar:/home/app/maven/repository/javax/jms/javax.jms-api/2.0.1/javax.jms-api-2.0.1.jar:/home/app/maven/repository/org/apache/activemq/activemq-pool/5.15.9/activemq-pool-5.15.9.jar:/home/app/maven/repository/org/apache/activemq/activemq-jms-pool/5.15.9/activemq-jms-pool-5.15.9.jar:/home/app/maven/repository/org/apache/geronimo/specs/geronimo-jms_1.1_spec/1.1.1/geronimo-jms_1.1_spec-1.1.1.jar:/home/app/maven/repository/org/apache/activemq/activemq-client/5.15.9/activemq-client-5.15.9.jar:/home/app/maven/repository/org/fusesource/hawtbuf/hawtbuf/1.11/hawtbuf-1.11.jar:/home/app/maven/repository/org/apache/geronimo/specs/geronimo-j2ee-management_1.1_spec/1.0.1/geronimo-j2ee-management_1.1_spec-1.0.1.jar:/home/app/maven/repository/org/apache/geronimo/specs/geronimo-jta_1.0.1B_spec/1.0.1/geronimo-jta_1.0.1B_spec-1.0.1.jar:/home/app/maven/repository/org/apache/commons/commons-pool2/2.5.0/commons-pool2-2.5.0.jar:/home/yxr/桌面/idea/lib/idea_rt.jar:/home/yxr/桌面/idea/plugins/java/lib/rt/debugger-agent.jar
2019-11-13 16:57:57.905 [main] INFO  org.apache.zookeeper.ZooKeeper - Client environment:java.library.path=/usr/java/packages/lib/amd64:/usr/lib64:/lib64:/lib:/usr/lib
2019-11-13 16:57:57.905 [main] INFO  org.apache.zookeeper.ZooKeeper - Client environment:java.io.tmpdir=/tmp
2019-11-13 16:57:57.905 [main] INFO  org.apache.zookeeper.ZooKeeper - Client environment:java.compiler=<NA>
2019-11-13 16:57:57.905 [main] INFO  org.apache.zookeeper.ZooKeeper - Client environment:os.name=Linux
2019-11-13 16:57:57.905 [main] INFO  org.apache.zookeeper.ZooKeeper - Client environment:os.arch=amd64
2019-11-13 16:57:57.905 [main] INFO  org.apache.zookeeper.ZooKeeper - Client environment:os.version=5.0.0-32-generic
2019-11-13 16:57:57.905 [main] INFO  org.apache.zookeeper.ZooKeeper - Client environment:user.name=yxr
2019-11-13 16:57:57.905 [main] INFO  org.apache.zookeeper.ZooKeeper - Client environment:user.home=/home/yxr
2019-11-13 16:57:57.905 [main] INFO  org.apache.zookeeper.ZooKeeper - Client environment:user.dir=/home/yxr/IdeaProjects/github/internal_playment
2019-11-13 16:57:57.906 [main] INFO  org.apache.zookeeper.ZooKeeper - Initiating client connection, connectString=192.168.1.111:2183 sessionTimeout=60000 watcher=org.apache.curator.ConnectionState@3b9632d1
2019-11-13 16:57:57.912 [main-SendThread(192.168.1.111:2183)] INFO  org.apache.zookeeper.ClientCnxn - Opening socket connection to server 192.168.1.111/192.168.1.111:2183. Will not attempt to authenticate using SASL (unknown error)
2019-11-13 16:57:57.915 [main-SendThread(192.168.1.111:2183)] INFO  org.apache.zookeeper.ClientCnxn - Socket connection established to 192.168.1.111/192.168.1.111:2183, initiating session
2019-11-13 16:57:57.924 [main] INFO  c.a.dubbo.registry.zookeeper.ZookeeperRegistry -  [DUBBO] Register: consumer://192.168.1.111/com.internal.playment.api.db.business.ApiPayOrderInfoService?application=task2&category=consumers&check=false&dubbo=2.6.2&interface=com.internal.playment.api.db.business.ApiPayOrderInfoService&methods=getList,updateByPrimaryKey,getOne,save,page&pid=1968&revision=1.0.0&side=consumer&timeout=30000&timestamp=1573635477841&version=1.0.0, dubbo version: 2.6.2, current host: 192.168.1.111
2019-11-13 16:57:57.930 [main-SendThread(192.168.1.111:2183)] INFO  org.apache.zookeeper.ClientCnxn - Session establishment complete on server 192.168.1.111/192.168.1.111:2183, sessionid = 0x10008fd35b10078, negotiated timeout = 40000
2019-11-13 16:57:57.934 [main-EventThread] INFO  o.a.curator.framework.state.ConnectionStateManager - State change: CONNECTED
2019-11-13 16:57:57.946 [main] INFO  c.a.dubbo.registry.zookeeper.ZookeeperRegistry -  [DUBBO] Subscribe: consumer://192.168.1.111/com.internal.playment.api.db.business.ApiPayOrderInfoService?application=task2&category=providers,configurators,routers&dubbo=2.6.2&interface=com.internal.playment.api.db.business.ApiPayOrderInfoService&methods=getList,updateByPrimaryKey,getOne,save,page&pid=1968&revision=1.0.0&side=consumer&timeout=30000&timestamp=1573635477841&version=1.0.0, dubbo version: 2.6.2, current host: 192.168.1.111
2019-11-13 16:57:57.989 [main] INFO  c.a.dubbo.registry.zookeeper.ZookeeperRegistry -  [DUBBO] Notify urls for subscribe url consumer://192.168.1.111/com.internal.playment.api.db.business.ApiPayOrderInfoService?application=task2&category=providers,configurators,routers&dubbo=2.6.2&interface=com.internal.playment.api.db.business.ApiPayOrderInfoService&methods=getList,updateByPrimaryKey,getOne,save,page&pid=1968&revision=1.0.0&side=consumer&timeout=30000&timestamp=1573635477841&version=1.0.0, urls: [dubbo://192.168.1.111:20881/com.internal.playment.api.db.business.ApiPayOrderInfoService?anyhost=true&application=db&dubbo=2.6.2&generic=false&interface=com.internal.playment.api.db.business.ApiPayOrderInfoService&methods=getList,getOne,updateByPrimaryKey,save,page&pid=1544&revision=1.0.0&side=provider&timeout=30000&timestamp=1573635418779&version=1.0.0, empty://192.168.1.111/com.internal.playment.api.db.business.ApiPayOrderInfoService?application=task2&category=configurators&dubbo=2.6.2&interface=com.internal.playment.api.db.business.ApiPayOrderInfoService&methods=getList,updateByPrimaryKey,getOne,save,page&pid=1968&revision=1.0.0&side=consumer&timeout=30000&timestamp=1573635477841&version=1.0.0, empty://192.168.1.111/com.internal.playment.api.db.business.ApiPayOrderInfoService?application=task2&category=routers&dubbo=2.6.2&interface=com.internal.playment.api.db.business.ApiPayOrderInfoService&methods=getList,updateByPrimaryKey,getOne,save,page&pid=1968&revision=1.0.0&side=consumer&timeout=30000&timestamp=1573635477841&version=1.0.0], dubbo version: 2.6.2, current host: 192.168.1.111
2019-11-13 16:57:58.073 [main] INFO  c.alibaba.dubbo.remoting.transport.AbstractClient -  [DUBBO] Successed connect to server /192.168.1.111:20881 from NettyClient 192.168.1.111 using dubbo version 2.6.2, channel is NettyChannel [channel=[id: 0x60325987, /192.168.1.111:39318 => /192.168.1.111:20881]], dubbo version: 2.6.2, current host: 192.168.1.111
2019-11-13 16:57:58.074 [main] INFO  c.alibaba.dubbo.remoting.transport.AbstractClient -  [DUBBO] Start NettyClient /192.168.1.111 connect to the server /192.168.1.111:20881, dubbo version: 2.6.2, current host: 192.168.1.111
2019-11-13 16:57:58.100 [main] INFO  com.alibaba.dubbo.config.AbstractConfig -  [DUBBO] Refer dubbo service com.internal.playment.api.db.business.ApiPayOrderInfoService from url zookeeper://192.168.1.111:2183/com.alibaba.dubbo.registry.RegistryService?anyhost=true&application=task2&check=false&dubbo=2.6.2&generic=false&interface=com.internal.playment.api.db.business.ApiPayOrderInfoService&methods=getList,updateByPrimaryKey,getOne,save,page&pid=1968&register.ip=192.168.1.111&remote.timestamp=1573635418779&revision=1.0.0&side=consumer&timeout=30000&timestamp=1573635477841&version=1.0.0, dubbo version: 2.6.2, current host: 192.168.1.111
2019-11-13 16:57:58.105 [main] INFO  c.a.d.c.s.b.f.annotation.ReferenceBeanBuilder - <dubbo:reference singleton="true" object="com.alibaba.dubbo.common.bytecode.proxy0@1d9bd4da" interface="com.internal.playment.api.db.business.ApiPayOrderInfoService" uniqueServiceName="com.internal.playment.api.db.business.ApiPayOrderInfoService:1.0.0" version="1.0.0" generic="false" timeout="30000" id="com.internal.playment.api.db.business.ApiPayOrderInfoService" /> has been built.
2019-11-13 16:57:58.113 [main] INFO  c.a.dubbo.registry.zookeeper.ZookeeperRegistry -  [DUBBO] Register: consumer://192.168.1.111/com.internal.playment.api.db.business.ApiTransOrderInfoService?application=task2&category=consumers&check=false&dubbo=2.6.2&interface=com.internal.playment.api.db.business.ApiTransOrderInfoService&methods=getList,getOne,save,page,updateById&pid=1968&revision=1.0.0&side=consumer&timeout=30000&timestamp=1573635478108&version=1.0.0, dubbo version: 2.6.2, current host: 192.168.1.111
2019-11-13 16:57:58.129 [main] INFO  c.a.dubbo.registry.zookeeper.ZookeeperRegistry -  [DUBBO] Subscribe: consumer://192.168.1.111/com.internal.playment.api.db.business.ApiTransOrderInfoService?application=task2&category=providers,configurators,routers&dubbo=2.6.2&interface=com.internal.playment.api.db.business.ApiTransOrderInfoService&methods=getList,getOne,save,page,updateById&pid=1968&revision=1.0.0&side=consumer&timeout=30000&timestamp=1573635478108&version=1.0.0, dubbo version: 2.6.2, current host: 192.168.1.111
2019-11-13 16:57:58.155 [main] INFO  c.a.dubbo.registry.zookeeper.ZookeeperRegistry -  [DUBBO] Notify urls for subscribe url consumer://192.168.1.111/com.internal.playment.api.db.business.ApiTransOrderInfoService?application=task2&category=providers,configurators,routers&dubbo=2.6.2&interface=com.internal.playment.api.db.business.ApiTransOrderInfoService&methods=getList,getOne,save,page,updateById&pid=1968&revision=1.0.0&side=consumer&timeout=30000&timestamp=1573635478108&version=1.0.0, urls: [dubbo://192.168.1.111:20881/com.internal.playment.api.db.business.ApiTransOrderInfoService?anyhost=true&application=db&dubbo=2.6.2&generic=false&interface=com.internal.playment.api.db.business.ApiTransOrderInfoService&methods=getList,getOne,save,page,updateById&pid=1544&revision=1.0.0&side=provider&timeout=30000&timestamp=1573635418974&version=1.0.0, empty://192.168.1.111/com.internal.playment.api.db.business.ApiTransOrderInfoService?application=task2&category=configurators&dubbo=2.6.2&interface=com.internal.playment.api.db.business.ApiTransOrderInfoService&methods=getList,getOne,save,page,updateById&pid=1968&revision=1.0.0&side=consumer&timeout=30000&timestamp=1573635478108&version=1.0.0, empty://192.168.1.111/com.internal.playment.api.db.business.ApiTransOrderInfoService?application=task2&category=routers&dubbo=2.6.2&interface=com.internal.playment.api.db.business.ApiTransOrderInfoService&methods=getList,getOne,save,page,updateById&pid=1968&revision=1.0.0&side=consumer&timeout=30000&timestamp=1573635478108&version=1.0.0], dubbo version: 2.6.2, current host: 192.168.1.111
2019-11-13 16:57:58.156 [main] INFO  com.alibaba.dubbo.config.AbstractConfig -  [DUBBO] Refer dubbo service com.internal.playment.api.db.business.ApiTransOrderInfoService from url zookeeper://192.168.1.111:2183/com.alibaba.dubbo.registry.RegistryService?anyhost=true&application=task2&check=false&dubbo=2.6.2&generic=false&interface=com.internal.playment.api.db.business.ApiTransOrderInfoService&methods=getList,getOne,save,page,updateById&pid=1968&register.ip=192.168.1.111&remote.timestamp=1573635418974&revision=1.0.0&side=consumer&timeout=30000&timestamp=1573635478108&version=1.0.0, dubbo version: 2.6.2, current host: 192.168.1.111
2019-11-13 16:57:58.158 [main] INFO  c.a.d.c.s.b.f.annotation.ReferenceBeanBuilder - <dubbo:reference singleton="true" object="com.alibaba.dubbo.common.bytecode.proxy1@2b7962a2" interface="com.internal.playment.api.db.business.ApiTransOrderInfoService" uniqueServiceName="com.internal.playment.api.db.business.ApiTransOrderInfoService:1.0.0" version="1.0.0" generic="false" timeout="30000" id="com.internal.playment.api.db.business.ApiTransOrderInfoService" /> has been built.
2019-11-13 16:57:58.371 [main] INFO  o.s.jmx.export.annotation.AnnotationMBeanExporter - Registering beans for JMX exposure on startup
2019-11-13 16:57:58.375 [main] INFO  o.s.context.support.DefaultLifecycleProcessor - Starting beans in phase 2147483647
2019-11-13 16:57:58.380 [main] INFO  o.s.s.a.ScheduledAnnotationBeanPostProcessor - No TaskScheduler/ScheduledExecutorService bean found for scheduled processing
2019-11-13 16:57:58.385 [main] INFO  com.internal.playment.task.TaskApplication - Started TaskApplication in 1.488 seconds (JVM running for 1.833)
2019-11-13 16:57:58.387 [pool-1-thread-1] INFO  c.a.b.d.c.event.AwaitingNonWebApplicationListener -  [Dubbo] Current Spring Boot Application is await...
2019-11-13 16:58:04.383 [pool-4-thread-1] INFO  com.internal.playment.task.timer.PayOrderTimer - 
================================================================
====收单定时任务开始执行，本次定时任务查询是否漏单，并放到队列执行====
================================================================

2019-11-13 16:58:04.572 [pool-4-thread-1] INFO  com.internal.playment.task.timer.PayOrderTimer - 【收单补漏任务】-->查询了，但没未找到任务对象
2019-11-13 16:58:04.572 [pool-4-thread-1] INFO  com.internal.playment.task.timer.TransOrderTimer - 
================================================================
====代付定时任务开始执行，本次定时任务查询是否漏单，并放到队列执行====
================================================================

2019-11-13 16:58:04.587 [pool-4-thread-1] INFO  com.internal.playment.task.timer.TransOrderTimer - 【代付补漏任务】-->查询了，但没未找到任务对象
2019-11-13 17:08:04.573 [pool-4-thread-1] INFO  com.internal.playment.task.timer.PayOrderTimer - 
================================================================
====收单定时任务开始执行，本次定时任务查询是否漏单，并放到队列执行====
================================================================

2019-11-13 17:08:04.593 [pool-4-thread-1] INFO  com.internal.playment.task.timer.PayOrderTimer - 【收单补漏任务】-->查询了，但没未找到任务对象
2019-11-13 17:08:04.593 [pool-4-thread-1] INFO  com.internal.playment.task.timer.TransOrderTimer - 
================================================================
====代付定时任务开始执行，本次定时任务查询是否漏单，并放到队列执行====
================================================================

2019-11-13 17:08:04.601 [pool-4-thread-1] INFO  com.internal.playment.task.timer.TransOrderTimer - 【代付补漏任务】-->查询了，但没未找到任务对象
2019-11-13 17:18:04.593 [pool-4-thread-1] INFO  com.internal.playment.task.timer.PayOrderTimer - 
================================================================
====收单定时任务开始执行，本次定时任务查询是否漏单，并放到队列执行====
================================================================

2019-11-13 17:18:04.610 [pool-4-thread-1] INFO  com.internal.playment.task.timer.PayOrderTimer - 【收单补漏任务】-->查询了，但没未找到任务对象
2019-11-13 17:18:04.610 [pool-4-thread-1] INFO  com.internal.playment.task.timer.TransOrderTimer - 
================================================================
====代付定时任务开始执行，本次定时任务查询是否漏单，并放到队列执行====
================================================================

2019-11-13 17:18:04.616 [pool-4-thread-1] INFO  com.internal.playment.task.timer.TransOrderTimer - 【代付补漏任务】-->查询了，但没未找到任务对象
2019-11-13 17:28:04.610 [pool-4-thread-1] INFO  com.internal.playment.task.timer.PayOrderTimer - 
================================================================
====收单定时任务开始执行，本次定时任务查询是否漏单，并放到队列执行====
================================================================

2019-11-13 17:28:04.626 [pool-4-thread-1] INFO  com.internal.playment.task.timer.PayOrderTimer - 【收单补漏任务】-->查询了，但没未找到任务对象
2019-11-13 17:28:04.626 [pool-4-thread-1] INFO  com.internal.playment.task.timer.TransOrderTimer - 
================================================================
====代付定时任务开始执行，本次定时任务查询是否漏单，并放到队列执行====
================================================================

2019-11-13 17:28:04.632 [pool-4-thread-1] INFO  com.internal.playment.task.timer.TransOrderTimer - 【代付补漏任务】-->查询了，但没未找到任务对象
2019-11-13 17:38:04.626 [pool-4-thread-1] INFO  com.internal.playment.task.timer.PayOrderTimer - 
================================================================
====收单定时任务开始执行，本次定时任务查询是否漏单，并放到队列执行====
================================================================

2019-11-13 17:38:04.638 [pool-4-thread-1] INFO  com.internal.playment.task.timer.PayOrderTimer - 【收单补漏任务】-->查询了，但没未找到任务对象
2019-11-13 17:38:04.638 [pool-4-thread-1] INFO  com.internal.playment.task.timer.TransOrderTimer - 
================================================================
====代付定时任务开始执行，本次定时任务查询是否漏单，并放到队列执行====
================================================================

2019-11-13 17:38:04.644 [pool-4-thread-1] INFO  com.internal.playment.task.timer.TransOrderTimer - 【代付补漏任务】-->查询了，但没未找到任务对象
2019-11-13 17:48:04.638 [pool-4-thread-1] INFO  com.internal.playment.task.timer.PayOrderTimer - 
================================================================
====收单定时任务开始执行，本次定时任务查询是否漏单，并放到队列执行====
================================================================

2019-11-13 17:48:04.653 [pool-4-thread-1] INFO  com.internal.playment.task.timer.PayOrderTimer - 【收单补漏任务】-->查询了，但没未找到任务对象
2019-11-13 17:48:04.653 [pool-4-thread-1] INFO  com.internal.playment.task.timer.TransOrderTimer - 
================================================================
====代付定时任务开始执行，本次定时任务查询是否漏单，并放到队列执行====
================================================================

2019-11-13 17:48:04.658 [pool-4-thread-1] INFO  com.internal.playment.task.timer.TransOrderTimer - 【代付补漏任务】-->查询了，但没未找到任务对象
2019-11-13 17:58:04.654 [pool-4-thread-1] INFO  com.internal.playment.task.timer.PayOrderTimer - 
================================================================
====收单定时任务开始执行，本次定时任务查询是否漏单，并放到队列执行====
================================================================

2019-11-13 17:58:04.676 [pool-4-thread-1] INFO  com.internal.playment.task.timer.PayOrderTimer - 【收单补漏任务】-->查询了，但没未找到任务对象
2019-11-13 17:58:04.677 [pool-4-thread-1] INFO  com.internal.playment.task.timer.TransOrderTimer - 
================================================================
====代付定时任务开始执行，本次定时任务查询是否漏单，并放到队列执行====
================================================================

2019-11-13 17:58:04.693 [pool-4-thread-1] INFO  com.internal.playment.task.timer.TransOrderTimer - 【代付补漏任务】-->查询了，但没未找到任务对象
2019-11-13 18:08:04.677 [pool-4-thread-1] INFO  com.internal.playment.task.timer.PayOrderTimer - 
================================================================
====收单定时任务开始执行，本次定时任务查询是否漏单，并放到队列执行====
================================================================

2019-11-13 18:08:04.705 [pool-4-thread-1] INFO  com.internal.playment.task.timer.PayOrderTimer - 【收单补漏任务】-->查询了，但没未找到任务对象
2019-11-13 18:08:04.705 [pool-4-thread-1] INFO  com.internal.playment.task.timer.TransOrderTimer - 
================================================================
====代付定时任务开始执行，本次定时任务查询是否漏单，并放到队列执行====
================================================================

2019-11-13 18:08:04.711 [pool-4-thread-1] INFO  com.internal.playment.task.timer.TransOrderTimer - 【代付补漏任务】-->查询了，但没未找到任务对象
2019-11-13 18:18:04.705 [pool-4-thread-1] INFO  com.internal.playment.task.timer.PayOrderTimer - 
================================================================
====收单定时任务开始执行，本次定时任务查询是否漏单，并放到队列执行====
================================================================

2019-11-13 18:18:04.720 [pool-4-thread-1] INFO  com.internal.playment.task.timer.PayOrderTimer - 【收单补漏任务】-->查询了，但没未找到任务对象
2019-11-13 18:18:04.721 [pool-4-thread-1] INFO  com.internal.playment.task.timer.TransOrderTimer - 
================================================================
====代付定时任务开始执行，本次定时任务查询是否漏单，并放到队列执行====
================================================================

2019-11-13 18:18:04.726 [pool-4-thread-1] INFO  com.internal.playment.task.timer.TransOrderTimer - 【代付补漏任务】-->查询了，但没未找到任务对象
2019-11-13 18:28:04.721 [pool-4-thread-1] INFO  com.internal.playment.task.timer.PayOrderTimer - 
================================================================
====收单定时任务开始执行，本次定时任务查询是否漏单，并放到队列执行====
================================================================

2019-11-13 18:28:04.735 [pool-4-thread-1] INFO  com.internal.playment.task.timer.PayOrderTimer - 【收单补漏任务】-->查询了，但没未找到任务对象
2019-11-13 18:28:04.735 [pool-4-thread-1] INFO  com.internal.playment.task.timer.TransOrderTimer - 
================================================================
====代付定时任务开始执行，本次定时任务查询是否漏单，并放到队列执行====
================================================================

2019-11-13 18:28:04.740 [pool-4-thread-1] INFO  com.internal.playment.task.timer.TransOrderTimer - 【代付补漏任务】-->查询了，但没未找到任务对象
2019-11-13 18:38:04.735 [pool-4-thread-1] INFO  com.internal.playment.task.timer.PayOrderTimer - 
================================================================
====收单定时任务开始执行，本次定时任务查询是否漏单，并放到队列执行====
================================================================

2019-11-13 18:38:04.758 [pool-4-thread-1] INFO  com.internal.playment.task.timer.PayOrderTimer - 【收单补漏任务】-->查询了，但没未找到任务对象
2019-11-13 18:38:04.759 [pool-4-thread-1] INFO  com.internal.playment.task.timer.TransOrderTimer - 
================================================================
====代付定时任务开始执行，本次定时任务查询是否漏单，并放到队列执行====
================================================================

2019-11-13 18:38:04.774 [pool-4-thread-1] INFO  com.internal.playment.task.timer.TransOrderTimer - 【代付补漏任务】-->查询了，但没未找到任务对象
2019-11-13 18:48:04.759 [pool-4-thread-1] INFO  com.internal.playment.task.timer.PayOrderTimer - 
================================================================
====收单定时任务开始执行，本次定时任务查询是否漏单，并放到队列执行====
================================================================

2019-11-13 18:48:04.773 [pool-4-thread-1] INFO  com.internal.playment.task.timer.PayOrderTimer - 【收单补漏任务】-->查询了，但没未找到任务对象
2019-11-13 18:48:04.775 [pool-4-thread-1] INFO  com.internal.playment.task.timer.TransOrderTimer - 
================================================================
====代付定时任务开始执行，本次定时任务查询是否漏单，并放到队列执行====
================================================================

2019-11-13 18:48:04.780 [pool-4-thread-1] INFO  com.internal.playment.task.timer.TransOrderTimer - 【代付补漏任务】-->查询了，但没未找到任务对象
2019-11-13 18:58:04.774 [pool-4-thread-1] INFO  com.internal.playment.task.timer.PayOrderTimer - 
================================================================
====收单定时任务开始执行，本次定时任务查询是否漏单，并放到队列执行====
================================================================

2019-11-13 18:58:04.788 [pool-4-thread-1] INFO  com.internal.playment.task.timer.PayOrderTimer - 【收单补漏任务】-->查询了，但没未找到任务对象
2019-11-13 18:58:04.788 [pool-4-thread-1] INFO  com.internal.playment.task.timer.TransOrderTimer - 
================================================================
====代付定时任务开始执行，本次定时任务查询是否漏单，并放到队列执行====
================================================================

2019-11-13 18:58:04.793 [pool-4-thread-1] INFO  com.internal.playment.task.timer.TransOrderTimer - 【代付补漏任务】-->查询了，但没未找到任务对象
2019-11-13 19:08:04.788 [pool-4-thread-1] INFO  com.internal.playment.task.timer.PayOrderTimer - 
================================================================
====收单定时任务开始执行，本次定时任务查询是否漏单，并放到队列执行====
================================================================

2019-11-13 19:08:04.802 [pool-4-thread-1] INFO  com.internal.playment.task.timer.PayOrderTimer - 【收单补漏任务】-->查询了，但没未找到任务对象
2019-11-13 19:08:04.802 [pool-4-thread-1] INFO  com.internal.playment.task.timer.TransOrderTimer - 
================================================================
====代付定时任务开始执行，本次定时任务查询是否漏单，并放到队列执行====
================================================================

2019-11-13 19:08:04.807 [pool-4-thread-1] INFO  com.internal.playment.task.timer.TransOrderTimer - 【代付补漏任务】-->查询了，但没未找到任务对象
2019-11-13 19:18:04.803 [pool-4-thread-1] INFO  com.internal.playment.task.timer.PayOrderTimer - 
================================================================
====收单定时任务开始执行，本次定时任务查询是否漏单，并放到队列执行====
================================================================

2019-11-13 19:18:04.813 [pool-4-thread-1] INFO  com.internal.playment.task.timer.PayOrderTimer - 【收单补漏任务】-->查询了，但没未找到任务对象
2019-11-13 19:18:04.813 [pool-4-thread-1] INFO  com.internal.playment.task.timer.TransOrderTimer - 
================================================================
====代付定时任务开始执行，本次定时任务查询是否漏单，并放到队列执行====
================================================================

2019-11-13 19:18:04.820 [pool-4-thread-1] INFO  com.internal.playment.task.timer.TransOrderTimer - 【代付补漏任务】-->查询了，但没未找到任务对象
2019-11-13 19:28:04.814 [pool-4-thread-1] INFO  com.internal.playment.task.timer.PayOrderTimer - 
================================================================
====收单定时任务开始执行，本次定时任务查询是否漏单，并放到队列执行====
================================================================

2019-11-13 19:28:04.825 [pool-4-thread-1] INFO  com.internal.playment.task.timer.PayOrderTimer - 【收单补漏任务】-->查询了，但没未找到任务对象
2019-11-13 19:28:04.826 [pool-4-thread-1] INFO  com.internal.playment.task.timer.TransOrderTimer - 
================================================================
====代付定时任务开始执行，本次定时任务查询是否漏单，并放到队列执行====
================================================================

2019-11-13 19:28:04.831 [pool-4-thread-1] INFO  com.internal.playment.task.timer.TransOrderTimer - 【代付补漏任务】-->查询了，但没未找到任务对象
2019-11-13 19:38:04.826 [pool-4-thread-1] INFO  com.internal.playment.task.timer.PayOrderTimer - 
================================================================
====收单定时任务开始执行，本次定时任务查询是否漏单，并放到队列执行====
================================================================

2019-11-13 19:38:04.837 [pool-4-thread-1] INFO  com.internal.playment.task.timer.PayOrderTimer - 【收单补漏任务】-->查询了，但没未找到任务对象
2019-11-13 19:38:04.837 [pool-4-thread-1] INFO  com.internal.playment.task.timer.TransOrderTimer - 
================================================================
====代付定时任务开始执行，本次定时任务查询是否漏单，并放到队列执行====
================================================================

2019-11-13 19:38:04.843 [pool-4-thread-1] INFO  com.internal.playment.task.timer.TransOrderTimer - 【代付补漏任务】-->查询了，但没未找到任务对象
2019-11-13 19:48:04.838 [pool-4-thread-1] INFO  com.internal.playment.task.timer.PayOrderTimer - 
================================================================
====收单定时任务开始执行，本次定时任务查询是否漏单，并放到队列执行====
================================================================

2019-11-13 19:48:04.849 [pool-4-thread-1] INFO  com.internal.playment.task.timer.PayOrderTimer - 【收单补漏任务】-->查询了，但没未找到任务对象
2019-11-13 19:48:04.849 [pool-4-thread-1] INFO  com.internal.playment.task.timer.TransOrderTimer - 
================================================================
====代付定时任务开始执行，本次定时任务查询是否漏单，并放到队列执行====
================================================================

2019-11-13 19:48:04.854 [pool-4-thread-1] INFO  com.internal.playment.task.timer.TransOrderTimer - 【代付补漏任务】-->查询了，但没未找到任务对象
2019-11-13 19:58:04.849 [pool-4-thread-1] INFO  com.internal.playment.task.timer.PayOrderTimer - 
================================================================
====收单定时任务开始执行，本次定时任务查询是否漏单，并放到队列执行====
================================================================

2019-11-13 19:58:04.865 [pool-4-thread-1] INFO  com.internal.playment.task.timer.PayOrderTimer - 【收单补漏任务】-->查询了，但没未找到任务对象
2019-11-13 19:58:04.866 [pool-4-thread-1] INFO  com.internal.playment.task.timer.TransOrderTimer - 
================================================================
====代付定时任务开始执行，本次定时任务查询是否漏单，并放到队列执行====
================================================================

2019-11-13 19:58:04.881 [pool-4-thread-1] INFO  com.internal.playment.task.timer.TransOrderTimer - 【代付补漏任务】-->查询了，但没未找到任务对象
2019-11-13 20:08:04.866 [pool-4-thread-1] INFO  com.internal.playment.task.timer.PayOrderTimer - 
================================================================
====收单定时任务开始执行，本次定时任务查询是否漏单，并放到队列执行====
================================================================

2019-11-13 20:08:04.880 [pool-4-thread-1] INFO  com.internal.playment.task.timer.PayOrderTimer - 【收单补漏任务】-->查询了，但没未找到任务对象
2019-11-13 20:08:04.882 [pool-4-thread-1] INFO  com.internal.playment.task.timer.TransOrderTimer - 
================================================================
====代付定时任务开始执行，本次定时任务查询是否漏单，并放到队列执行====
================================================================

2019-11-13 20:08:04.887 [pool-4-thread-1] INFO  com.internal.playment.task.timer.TransOrderTimer - 【代付补漏任务】-->查询了，但没未找到任务对象
2019-11-13 20:18:04.880 [pool-4-thread-1] INFO  com.internal.playment.task.timer.PayOrderTimer - 
================================================================
====收单定时任务开始执行，本次定时任务查询是否漏单，并放到队列执行====
================================================================

2019-11-13 20:18:04.895 [pool-4-thread-1] INFO  com.internal.playment.task.timer.PayOrderTimer - 【收单补漏任务】-->查询了，但没未找到任务对象
2019-11-13 20:18:04.895 [pool-4-thread-1] INFO  com.internal.playment.task.timer.TransOrderTimer - 
================================================================
====代付定时任务开始执行，本次定时任务查询是否漏单，并放到队列执行====
================================================================

2019-11-13 20:18:04.900 [pool-4-thread-1] INFO  com.internal.playment.task.timer.TransOrderTimer - 【代付补漏任务】-->查询了，但没未找到任务对象
2019-11-13 20:28:04.895 [pool-4-thread-1] INFO  com.internal.playment.task.timer.PayOrderTimer - 
================================================================
====收单定时任务开始执行，本次定时任务查询是否漏单，并放到队列执行====
================================================================

2019-11-13 20:28:04.908 [pool-4-thread-1] INFO  com.internal.playment.task.timer.PayOrderTimer - 【收单补漏任务】-->查询了，但没未找到任务对象
2019-11-13 20:28:04.908 [pool-4-thread-1] INFO  com.internal.playment.task.timer.TransOrderTimer - 
================================================================
====代付定时任务开始执行，本次定时任务查询是否漏单，并放到队列执行====
================================================================

2019-11-13 20:28:04.913 [pool-4-thread-1] INFO  com.internal.playment.task.timer.TransOrderTimer - 【代付补漏任务】-->查询了，但没未找到任务对象
2019-11-13 20:38:04.908 [pool-4-thread-1] INFO  com.internal.playment.task.timer.PayOrderTimer - 
================================================================
====收单定时任务开始执行，本次定时任务查询是否漏单，并放到队列执行====
================================================================

2019-11-13 20:38:04.919 [pool-4-thread-1] INFO  com.internal.playment.task.timer.PayOrderTimer - 【收单补漏任务】-->查询了，但没未找到任务对象
2019-11-13 20:38:04.919 [pool-4-thread-1] INFO  com.internal.playment.task.timer.TransOrderTimer - 
================================================================
====代付定时任务开始执行，本次定时任务查询是否漏单，并放到队列执行====
================================================================

2019-11-13 20:38:04.924 [pool-4-thread-1] INFO  com.internal.playment.task.timer.TransOrderTimer - 【代付补漏任务】-->查询了，但没未找到任务对象
2019-11-13 20:48:04.919 [pool-4-thread-1] INFO  com.internal.playment.task.timer.PayOrderTimer - 
================================================================
====收单定时任务开始执行，本次定时任务查询是否漏单，并放到队列执行====
================================================================

2019-11-13 20:48:04.945 [pool-4-thread-1] INFO  com.internal.playment.task.timer.PayOrderTimer - 【收单补漏任务】-->查询了，但没未找到任务对象
2019-11-13 20:48:04.946 [pool-4-thread-1] INFO  com.internal.playment.task.timer.TransOrderTimer - 
================================================================
====代付定时任务开始执行，本次定时任务查询是否漏单，并放到队列执行====
================================================================

2019-11-13 20:48:04.961 [pool-4-thread-1] INFO  com.internal.playment.task.timer.TransOrderTimer - 【代付补漏任务】-->查询了，但没未找到任务对象
2019-11-13 20:58:04.946 [pool-4-thread-1] INFO  com.internal.playment.task.timer.PayOrderTimer - 
================================================================
====收单定时任务开始执行，本次定时任务查询是否漏单，并放到队列执行====
================================================================

2019-11-13 20:58:04.957 [pool-4-thread-1] INFO  com.internal.playment.task.timer.PayOrderTimer - 【收单补漏任务】-->查询了，但没未找到任务对象
2019-11-13 20:58:04.962 [pool-4-thread-1] INFO  com.internal.playment.task.timer.TransOrderTimer - 
================================================================
====代付定时任务开始执行，本次定时任务查询是否漏单，并放到队列执行====
================================================================

2019-11-13 20:58:04.967 [pool-4-thread-1] INFO  com.internal.playment.task.timer.TransOrderTimer - 【代付补漏任务】-->查询了，但没未找到任务对象
2019-11-13 21:08:04.958 [pool-4-thread-1] INFO  com.internal.playment.task.timer.PayOrderTimer - 
================================================================
====收单定时任务开始执行，本次定时任务查询是否漏单，并放到队列执行====
================================================================

2019-11-13 21:08:04.969 [pool-4-thread-1] INFO  com.internal.playment.task.timer.PayOrderTimer - 【收单补漏任务】-->查询了，但没未找到任务对象
2019-11-13 21:08:04.969 [pool-4-thread-1] INFO  com.internal.playment.task.timer.TransOrderTimer - 
================================================================
====代付定时任务开始执行，本次定时任务查询是否漏单，并放到队列执行====
================================================================

2019-11-13 21:08:04.974 [pool-4-thread-1] INFO  com.internal.playment.task.timer.TransOrderTimer - 【代付补漏任务】-->查询了，但没未找到任务对象
2019-11-13 21:18:04.969 [pool-4-thread-1] INFO  com.internal.playment.task.timer.PayOrderTimer - 
================================================================
====收单定时任务开始执行，本次定时任务查询是否漏单，并放到队列执行====
================================================================

2019-11-13 21:18:04.980 [pool-4-thread-1] INFO  com.internal.playment.task.timer.PayOrderTimer - 【收单补漏任务】-->查询了，但没未找到任务对象
2019-11-13 21:18:04.980 [pool-4-thread-1] INFO  com.internal.playment.task.timer.TransOrderTimer - 
================================================================
====代付定时任务开始执行，本次定时任务查询是否漏单，并放到队列执行====
================================================================

2019-11-13 21:18:04.985 [pool-4-thread-1] INFO  com.internal.playment.task.timer.TransOrderTimer - 【代付补漏任务】-->查询了，但没未找到任务对象
2019-11-13 21:28:04.980 [pool-4-thread-1] INFO  com.internal.playment.task.timer.PayOrderTimer - 
================================================================
====收单定时任务开始执行，本次定时任务查询是否漏单，并放到队列执行====
================================================================

2019-11-13 21:28:04.994 [pool-4-thread-1] INFO  com.internal.playment.task.timer.PayOrderTimer - 【收单补漏任务】-->查询了，但没未找到任务对象
2019-11-13 21:28:04.994 [pool-4-thread-1] INFO  com.internal.playment.task.timer.TransOrderTimer - 
================================================================
====代付定时任务开始执行，本次定时任务查询是否漏单，并放到队列执行====
================================================================

2019-11-13 21:28:04.999 [pool-4-thread-1] INFO  com.internal.playment.task.timer.TransOrderTimer - 【代付补漏任务】-->查询了，但没未找到任务对象
2019-11-13 21:38:04.995 [pool-4-thread-1] INFO  com.internal.playment.task.timer.PayOrderTimer - 
================================================================
====收单定时任务开始执行，本次定时任务查询是否漏单，并放到队列执行====
================================================================

2019-11-13 21:38:05.009 [pool-4-thread-1] INFO  com.internal.playment.task.timer.PayOrderTimer - 【收单补漏任务】-->查询了，但没未找到任务对象
2019-11-13 21:38:05.009 [pool-4-thread-1] INFO  com.internal.playment.task.timer.TransOrderTimer - 
================================================================
====代付定时任务开始执行，本次定时任务查询是否漏单，并放到队列执行====
================================================================

2019-11-13 21:38:05.014 [pool-4-thread-1] INFO  com.internal.playment.task.timer.TransOrderTimer - 【代付补漏任务】-->查询了，但没未找到任务对象
2019-11-13 21:48:05.009 [pool-4-thread-1] INFO  com.internal.playment.task.timer.PayOrderTimer - 
================================================================
====收单定时任务开始执行，本次定时任务查询是否漏单，并放到队列执行====
================================================================

2019-11-13 21:48:05.021 [pool-4-thread-1] INFO  com.internal.playment.task.timer.PayOrderTimer - 【收单补漏任务】-->查询了，但没未找到任务对象
2019-11-13 21:48:05.021 [pool-4-thread-1] INFO  com.internal.playment.task.timer.TransOrderTimer - 
================================================================
====代付定时任务开始执行，本次定时任务查询是否漏单，并放到队列执行====
================================================================

2019-11-13 21:48:05.026 [pool-4-thread-1] INFO  com.internal.playment.task.timer.TransOrderTimer - 【代付补漏任务】-->查询了，但没未找到任务对象
2019-11-13 21:52:27.726 [Thread-5] INFO  c.a.b.d.c.event.AwaitingNonWebApplicationListener -  [Dubbo] Current Spring Boot Application is about to shutdown...
2019-11-13 21:52:27.726 [DubboShutdownHook] INFO  com.alibaba.dubbo.config.AbstractConfig -  [DUBBO] Run shutdown hook now., dubbo version: 2.6.2, current host: 192.168.1.111
2019-11-13 21:52:27.726 [Thread-4] INFO  o.s.c.a.AnnotationConfigApplicationContext - Closing org.springframework.context.annotation.AnnotationConfigApplicationContext@61f05988: startup date [Wed Nov 13 16:57:57 CST 2019]; root of context hierarchy
2019-11-13 21:52:27.726 [DubboShutdownHook] INFO  c.a.dubbo.registry.support.AbstractRegistryFactory -  [DUBBO] Close all registries [zookeeper://192.168.1.111:2183/com.alibaba.dubbo.registry.RegistryService?application=task2&dubbo=2.6.2&interface=com.alibaba.dubbo.registry.RegistryService&pid=1968&timestamp=1573635477859], dubbo version: 2.6.2, current host: 192.168.1.111
2019-11-13 21:52:27.727 [DubboShutdownHook] INFO  c.a.dubbo.registry.zookeeper.ZookeeperRegistry -  [DUBBO] Destroy registry:zookeeper://192.168.1.111:2183/com.alibaba.dubbo.registry.RegistryService?application=task2&dubbo=2.6.2&interface=com.alibaba.dubbo.registry.RegistryService&pid=1968&timestamp=1573635477859, dubbo version: 2.6.2, current host: 192.168.1.111
2019-11-13 21:52:27.727 [DubboShutdownHook] INFO  c.a.dubbo.registry.zookeeper.ZookeeperRegistry -  [DUBBO] Unregister: consumer://192.168.1.111/com.internal.playment.api.db.business.ApiPayOrderInfoService?application=task2&category=consumers&check=false&dubbo=2.6.2&interface=com.internal.playment.api.db.business.ApiPayOrderInfoService&methods=getList,updateByPrimaryKey,getOne,save,page&pid=1968&revision=1.0.0&side=consumer&timeout=30000&timestamp=1573635477841&version=1.0.0, dubbo version: 2.6.2, current host: 192.168.1.111
2019-11-13 21:52:27.727 [Thread-4] INFO  o.s.context.support.DefaultLifecycleProcessor - Stopping beans in phase 2147483647
2019-11-13 21:52:27.728 [Thread-4] INFO  o.s.jmx.export.annotation.AnnotationMBeanExporter - Unregistering JMX-exposed beans on shutdown
2019-11-13 21:52:27.728 [Thread-4] INFO  c.a.d.c.s.b.f.a.ReferenceAnnotationBeanPostProcessor - <dubbo:reference singleton="true" object="com.alibaba.dubbo.common.bytecode.proxy1@2b7962a2" interface="com.internal.playment.api.db.business.ApiTransOrderInfoService" uniqueServiceName="com.internal.playment.api.db.business.ApiTransOrderInfoService:1.0.0" version="1.0.0" generic="false" timeout="30000" id="com.internal.playment.api.db.business.ApiTransOrderInfoService" /> was destroying!
2019-11-13 21:52:27.729 [Thread-4] INFO  c.a.d.c.s.b.f.a.ReferenceAnnotationBeanPostProcessor - <dubbo:reference singleton="true" object="com.alibaba.dubbo.common.bytecode.proxy0@1d9bd4da" interface="com.internal.playment.api.db.business.ApiPayOrderInfoService" uniqueServiceName="com.internal.playment.api.db.business.ApiPayOrderInfoService:1.0.0" version="1.0.0" generic="false" timeout="30000" id="com.internal.playment.api.db.business.ApiPayOrderInfoService" /> was destroying!
2019-11-13 21:52:27.729 [Thread-4] INFO  c.a.d.c.s.b.f.a.ReferenceAnnotationBeanPostProcessor - class com.alibaba.dubbo.config.spring.beans.factory.annotation.ReferenceAnnotationBeanPostProcessor was destroying!
2019-11-13 21:52:27.778 [DubboShutdownHook] INFO  c.a.dubbo.registry.zookeeper.ZookeeperRegistry -  [DUBBO] Destroy unregister url consumer://192.168.1.111/com.internal.playment.api.db.business.ApiPayOrderInfoService?application=task2&category=consumers&check=false&dubbo=2.6.2&interface=com.internal.playment.api.db.business.ApiPayOrderInfoService&methods=getList,updateByPrimaryKey,getOne,save,page&pid=1968&revision=1.0.0&side=consumer&timeout=30000&timestamp=1573635477841&version=1.0.0, dubbo version: 2.6.2, current host: 192.168.1.111
2019-11-13 21:52:27.778 [DubboShutdownHook] INFO  c.a.dubbo.registry.zookeeper.ZookeeperRegistry -  [DUBBO] Unregister: consumer://192.168.1.111/com.internal.playment.api.db.business.ApiTransOrderInfoService?application=task2&category=consumers&check=false&dubbo=2.6.2&interface=com.internal.playment.api.db.business.ApiTransOrderInfoService&methods=getList,getOne,save,page,updateById&pid=1968&revision=1.0.0&side=consumer&timeout=30000&timestamp=1573635478108&version=1.0.0, dubbo version: 2.6.2, current host: 192.168.1.111
2019-11-13 21:52:27.820 [DubboShutdownHook] INFO  c.a.dubbo.registry.zookeeper.ZookeeperRegistry -  [DUBBO] Destroy unregister url consumer://192.168.1.111/com.internal.playment.api.db.business.ApiTransOrderInfoService?application=task2&category=consumers&check=false&dubbo=2.6.2&interface=com.internal.playment.api.db.business.ApiTransOrderInfoService&methods=getList,getOne,save,page,updateById&pid=1968&revision=1.0.0&side=consumer&timeout=30000&timestamp=1573635478108&version=1.0.0, dubbo version: 2.6.2, current host: 192.168.1.111
2019-11-13 21:52:27.821 [DubboShutdownHook] INFO  c.a.dubbo.registry.zookeeper.ZookeeperRegistry -  [DUBBO] Unsubscribe: consumer://192.168.1.111/com.internal.playment.api.db.business.ApiPayOrderInfoService?application=task2&category=providers,configurators,routers&dubbo=2.6.2&interface=com.internal.playment.api.db.business.ApiPayOrderInfoService&methods=getList,updateByPrimaryKey,getOne,save,page&pid=1968&revision=1.0.0&side=consumer&timeout=30000&timestamp=1573635477841&version=1.0.0, dubbo version: 2.6.2, current host: 192.168.1.111
2019-11-13 21:52:27.821 [DubboShutdownHook] INFO  c.a.dubbo.registry.zookeeper.ZookeeperRegistry -  [DUBBO] Destroy unsubscribe url consumer://192.168.1.111/com.internal.playment.api.db.business.ApiPayOrderInfoService?application=task2&category=providers,configurators,routers&dubbo=2.6.2&interface=com.internal.playment.api.db.business.ApiPayOrderInfoService&methods=getList,updateByPrimaryKey,getOne,save,page&pid=1968&revision=1.0.0&side=consumer&timeout=30000&timestamp=1573635477841&version=1.0.0, dubbo version: 2.6.2, current host: 192.168.1.111
2019-11-13 21:52:27.821 [DubboShutdownHook] INFO  c.a.dubbo.registry.zookeeper.ZookeeperRegistry -  [DUBBO] Unsubscribe: consumer://192.168.1.111/com.internal.playment.api.db.business.ApiTransOrderInfoService?application=task2&category=providers,configurators,routers&dubbo=2.6.2&interface=com.internal.playment.api.db.business.ApiTransOrderInfoService&methods=getList,getOne,save,page,updateById&pid=1968&revision=1.0.0&side=consumer&timeout=30000&timestamp=1573635478108&version=1.0.0, dubbo version: 2.6.2, current host: 192.168.1.111
2019-11-13 21:52:27.822 [DubboShutdownHook] INFO  c.a.dubbo.registry.zookeeper.ZookeeperRegistry -  [DUBBO] Destroy unsubscribe url consumer://192.168.1.111/com.internal.playment.api.db.business.ApiTransOrderInfoService?application=task2&category=providers,configurators,routers&dubbo=2.6.2&interface=com.internal.playment.api.db.business.ApiTransOrderInfoService&methods=getList,getOne,save,page,updateById&pid=1968&revision=1.0.0&side=consumer&timeout=30000&timestamp=1573635478108&version=1.0.0, dubbo version: 2.6.2, current host: 192.168.1.111
2019-11-13 21:52:27.824 [Curator-Framework-0] INFO  o.a.curator.framework.imps.CuratorFrameworkImpl - backgroundOperationsLoop exiting
2019-11-13 21:52:27.904 [DubboShutdownHook] INFO  org.apache.zookeeper.ZooKeeper - Session: 0x10008fd35b10078 closed
2019-11-13 21:52:27.904 [main-EventThread] INFO  org.apache.zookeeper.ClientCnxn - EventThread shut down for session: 0x10008fd35b10078
2019-11-13 21:52:27.909 [DubboShutdownHook] INFO  com.alibaba.dubbo.rpc.protocol.dubbo.DubboProtocol -  [DUBBO] Close dubbo connect: /192.168.1.111:39318-->/192.168.1.111:20881, dubbo version: 2.6.2, current host: 192.168.1.111
2019-11-13 21:52:27.910 [DubboShutdownHook] INFO  com.alibaba.dubbo.rpc.protocol.dubbo.DubboProtocol -  [DUBBO] Destroy reference: dubbo://192.168.1.111:20881/com.internal.playment.api.db.business.ApiPayOrderInfoService?anyhost=true&application=task2&check=false&dubbo=2.6.2&generic=false&interface=com.internal.playment.api.db.business.ApiPayOrderInfoService&methods=getList,getOne,updateByPrimaryKey,save,page&pid=1968&register.ip=192.168.1.111&remote.timestamp=1573635418779&revision=1.0.0&side=consumer&timeout=30000&timestamp=1573635477841&version=1.0.0, dubbo version: 2.6.2, current host: 192.168.1.111
2019-11-13 21:52:27.911 [DubboShutdownHook] INFO  c.a.dubbo.remoting.transport.netty.NettyChannel -  [DUBBO] Close netty channel [id: 0x60325987, /192.168.1.111:39318 => /192.168.1.111:20881], dubbo version: 2.6.2, current host: 192.168.1.111
2019-11-13 21:52:27.912 [DubboSharedHandler-thread-1] INFO  com.alibaba.dubbo.rpc.protocol.dubbo.DubboProtocol -  [DUBBO] disconnected from /192.168.1.111:20881,url:dubbo://192.168.1.111:20881/com.internal.playment.api.db.business.ApiPayOrderInfoService?anyhost=true&application=task2&check=false&codec=dubbo&dubbo=2.6.2&generic=false&heartbeat=60000&interface=com.internal.playment.api.db.business.ApiPayOrderInfoService&methods=getList,getOne,updateByPrimaryKey,save,page&pid=1968&register.ip=192.168.1.111&remote.timestamp=1573635418779&revision=1.0.0&side=consumer&timeout=30000&timestamp=1573635477841&version=1.0.0, dubbo version: 2.6.2, current host: 192.168.1.111
2019-11-13 21:52:27.914 [DubboShutdownHook] INFO  com.alibaba.dubbo.rpc.protocol.dubbo.DubboProtocol -  [DUBBO] Destroy reference: dubbo://192.168.1.111:20881/com.internal.playment.api.db.business.ApiTransOrderInfoService?anyhost=true&application=task2&check=false&dubbo=2.6.2&generic=false&interface=com.internal.playment.api.db.business.ApiTransOrderInfoService&methods=getList,getOne,save,page,updateById&pid=1968&register.ip=192.168.1.111&remote.timestamp=1573635418974&revision=1.0.0&side=consumer&timeout=30000&timestamp=1573635478108&version=1.0.0, dubbo version: 2.6.2, current host: 192.168.1.111
